<?xml version="1.0" encoding="UTF-8"?>
<testng-results ignored="0" total="2" passed="2" failed="0" skipped="0">
  <reporter-output>
    <line>
      <![CDATA[Hello Api]]>
    </line>
    <line>
      <![CDATA[Hello Java]]>
    </line>
  </reporter-output>
  <suite started-at="2021-06-09T06:00:53 IST" name="Suite" finished-at="2021-06-09T06:00:53 IST" duration-ms="438">
    <groups>
    </groups>
    <test started-at="2021-06-09T06:00:53 IST" name="Test" finished-at="2021-06-09T06:00:53 IST" duration-ms="438">
      <class name="scripts.Test1">
        <test-method signature="tc1()[pri:0, instance:scripts.Test1@610f7aa]" started-at="2021-06-09T06:00:53 IST" name="tc1" finished-at="2021-06-09T06:00:53 IST" duration-ms="78" status="PASS">
          <reporter-output>
            <line>
              <![CDATA[Hello Api]]>
            </line>
          </reporter-output>
        </test-method> <!-- tc1 -->
      </class> <!-- scripts.Test1 -->
      <class name="scripts.Test0">
        <test-method signature="tc1()[pri:0, instance:scripts.Test0@6a03bcb1]" started-at="2021-06-09T06:00:53 IST" name="tc1" finished-at="2021-06-09T06:00:53 IST" duration-ms="9" status="PASS">
          <reporter-output>
            <line>
              <![CDATA[Hello Java]]>
            </line>
          </reporter-output>
        </test-method> <!-- tc1 -->
      </class> <!-- scripts.Test0 -->
    </test> <!-- Test -->
  </suite> <!-- Suite -->
</testng-results>
